[debug] [2024-12-03T10:25:14.711Z] ----------------------------------------------------------------------
[debug] [2024-12-03T10:25:14.720Z] Command:       C:\Program Files\nodejs\node.exe C:\Users\Azmi Afif\AppData\Roaming\npm\node_modules\firebase-tools\lib\bin\firebase.js deploy
[debug] [2024-12-03T10:25:14.721Z] CLI Version:   13.26.0
[debug] [2024-12-03T10:25:14.721Z] Platform:      win32
[debug] [2024-12-03T10:25:14.721Z] Node Version:  v22.11.0
[debug] [2024-12-03T10:25:14.722Z] Time:          Tue Dec 03 2024 17:25:14 GMT+0700 (Western Indonesia Time)
[debug] [2024-12-03T10:25:14.723Z] ----------------------------------------------------------------------
[debug] 
[debug] [2024-12-03T10:25:14.904Z] > command requires scopes: ["email","openid","https://www.googleapis.com/auth/cloudplatformprojects.readonly","https://www.googleapis.com/auth/firebase","https://www.googleapis.com/auth/cloud-platform"]
[debug] [2024-12-03T10:25:14.904Z] > authorizing via signed-in user (azmiafif0909@gmail.com)
[debug] [2024-12-03T10:25:14.905Z] [iam] checking project barber-15b48 for permissions ["datastore.indexes.create","datastore.indexes.delete","datastore.indexes.list","datastore.indexes.update","firebase.projects.get","firebasehosting.sites.update"]
[debug] [2024-12-03T10:25:14.906Z] Checked if tokens are valid: true, expires at: 1733224968477
[debug] [2024-12-03T10:25:14.906Z] Checked if tokens are valid: true, expires at: 1733224968477
[debug] [2024-12-03T10:25:14.907Z] >>> [apiv2][query] POST https://cloudresourcemanager.googleapis.com/v1/projects/barber-15b48:testIamPermissions [none]
[debug] [2024-12-03T10:25:14.907Z] >>> [apiv2][(partial)header] POST https://cloudresourcemanager.googleapis.com/v1/projects/barber-15b48:testIamPermissions x-goog-quota-user=projects/barber-15b48
[debug] [2024-12-03T10:25:14.908Z] >>> [apiv2][body] POST https://cloudresourcemanager.googleapis.com/v1/projects/barber-15b48:testIamPermissions {"permissions":["datastore.indexes.create","datastore.indexes.delete","datastore.indexes.list","datastore.indexes.update","firebase.projects.get","firebasehosting.sites.update"]}
[debug] [2024-12-03T10:25:16.094Z] <<< [apiv2][status] POST https://cloudresourcemanager.googleapis.com/v1/projects/barber-15b48:testIamPermissions 200
[debug] [2024-12-03T10:25:16.094Z] <<< [apiv2][body] POST https://cloudresourcemanager.googleapis.com/v1/projects/barber-15b48:testIamPermissions {"permissions":["datastore.indexes.create","datastore.indexes.delete","datastore.indexes.list","datastore.indexes.update","firebase.projects.get","firebasehosting.sites.update"]}
[debug] [2024-12-03T10:25:16.097Z] Checked if tokens are valid: true, expires at: 1733224968477
[debug] [2024-12-03T10:25:16.097Z] Checked if tokens are valid: true, expires at: 1733224968477
[debug] [2024-12-03T10:25:16.098Z] >>> [apiv2][query] GET https://firebase.googleapis.com/v1beta1/projects/barber-15b48 [none]
[debug] [2024-12-03T10:25:16.723Z] <<< [apiv2][status] GET https://firebase.googleapis.com/v1beta1/projects/barber-15b48 200
[debug] [2024-12-03T10:25:16.724Z] <<< [apiv2][body] GET https://firebase.googleapis.com/v1beta1/projects/barber-15b48 {"projectId":"barber-15b48","projectNumber":"215556113867","displayName":"barber","name":"projects/barber-15b48","resources":{"hostingSite":"barber-15b48"},"state":"ACTIVE","etag":"1_c773f041-0ecc-4be2-bfc4-4ba406ac32ea"}
[debug] [2024-12-03T10:25:21.001Z] Checked if tokens are valid: true, expires at: 1733224968477
[debug] [2024-12-03T10:25:21.001Z] Checked if tokens are valid: true, expires at: 1733224968477
[debug] [2024-12-03T10:25:21.001Z] >>> [apiv2][query] GET https://firebasehosting.googleapis.com/v1beta1/projects/barber-15b48/sites pageToken=&pageSize=10
[debug] [2024-12-03T10:25:21.794Z] <<< [apiv2][status] GET https://firebasehosting.googleapis.com/v1beta1/projects/barber-15b48/sites 200
[debug] [2024-12-03T10:25:21.794Z] <<< [apiv2][body] GET https://firebasehosting.googleapis.com/v1beta1/projects/barber-15b48/sites {"sites":[{"name":"projects/barber-15b48/sites/barber-15b48","defaultUrl":"https://barber-15b48.web.app","type":"DEFAULT_SITE"},{"name":"projects/barber-15b48/sites/cukurin-dong","defaultUrl":"https://cukurin-dong.web.app","appId":"1:215556113867:web:30c08a848e185dcf0d224e","type":"USER_SITE"}]}
[debug] [2024-12-03T10:25:21.796Z] Checked if tokens are valid: true, expires at: 1733224968477
[debug] [2024-12-03T10:25:21.796Z] Checked if tokens are valid: true, expires at: 1733224968477
[debug] [2024-12-03T10:25:21.797Z] >>> [apiv2][query] GET https://firebasehosting.googleapis.com/v1beta1/projects/barber-15b48/sites 
[debug] [2024-12-03T10:25:22.234Z] <<< [apiv2][status] GET https://firebasehosting.googleapis.com/v1beta1/projects/barber-15b48/sites 200
[debug] [2024-12-03T10:25:22.234Z] <<< [apiv2][body] GET https://firebasehosting.googleapis.com/v1beta1/projects/barber-15b48/sites {"sites":[{"name":"projects/barber-15b48/sites/barber-15b48","defaultUrl":"https://barber-15b48.web.app","type":"DEFAULT_SITE"},{"name":"projects/barber-15b48/sites/cukurin-dong","defaultUrl":"https://cukurin-dong.web.app","appId":"1:215556113867:web:30c08a848e185dcf0d224e","type":"USER_SITE"}]}
[debug] [2024-12-03T10:25:22.234Z] Checked if tokens are valid: true, expires at: 1733224968477
[debug] [2024-12-03T10:25:22.234Z] Checked if tokens are valid: true, expires at: 1733224968477
[debug] [2024-12-03T10:25:22.235Z] >>> [apiv2][query] GET https://firebase.googleapis.com/v1beta1/projects/barber-15b48/webApps/-/config [none]
[debug] [2024-12-03T10:25:22.988Z] <<< [apiv2][status] GET https://firebase.googleapis.com/v1beta1/projects/barber-15b48/webApps/-/config 200
[debug] [2024-12-03T10:25:22.988Z] <<< [apiv2][body] GET https://firebase.googleapis.com/v1beta1/projects/barber-15b48/webApps/-/config {"projectId":"barber-15b48","appId":"1:215556113867:web:30c08a848e185dcf0d224e","storageBucket":"barber-15b48.firebasestorage.app","apiKey":"AIzaSyA57D78rdd5x_RCNQT1EhBtuBdrdbFodLs","authDomain":"barber-15b48.firebaseapp.com","messagingSenderId":"215556113867","measurementId":"G-0KZEYZWEFL"}
[info] 
   Thank you for trying our early preview of Next.js support on Firebase Hosting.
   During the preview, support is best-effort and breaking changes can be expected. Proceed with caution.

   Documentation: https://firebase.google.com/docs/hosting/frameworks/nextjs
   File a bug: https://github.com/firebase/firebase-tools/issues/new?template=bug_report.md
   Submit a feature request: https://github.com/firebase/firebase-tools/issues/new?template=feature_request.md

   We'd love to learn from you. Express your interest in helping us shape the future of Firebase Hosting: https://goo.gle/41enW5X

[debug] [2024-12-03T10:25:33.623Z] Checked if tokens are valid: true, expires at: 1733224968477
[debug] [2024-12-03T10:25:33.624Z] Checked if tokens are valid: true, expires at: 1733224968477
[debug] [2024-12-03T10:25:33.624Z] >>> [apiv2][query] GET https://firebasehosting.googleapis.com/v1beta1/projects/barber-15b48/sites/barber-15b48 [none]
[debug] [2024-12-03T10:25:34.338Z] <<< [apiv2][status] GET https://firebasehosting.googleapis.com/v1beta1/projects/barber-15b48/sites/barber-15b48 200
[debug] [2024-12-03T10:25:34.338Z] <<< [apiv2][body] GET https://firebasehosting.googleapis.com/v1beta1/projects/barber-15b48/sites/barber-15b48 {"name":"projects/barber-15b48/sites/barber-15b48","defaultUrl":"https://barber-15b48.web.app","type":"DEFAULT_SITE"}
[info]    ▲ Next.js 15.0.3

[info] 

[info]    Creating an optimized production build ...

[info] uncaughtException [Error: EPERM: operation not permitted, open 'C:\barber\.next\trace'] {
  errno: -4048,
  code: 'EPERM',
  syscall: 'open',
  path: 'C:\\barber\\.next\\trace'
}

[debug] [2024-12-03T10:25:48.866Z] Error: ENOENT: no such file or directory, open 'C:\barber\.next\server\middleware-manifest.json'
[error] 
[error] Error: An unexpected error has occurred.
